Arguments: 
  C:\Program Files\nodejs\node.exe C:\Users\admin\AppData\Roaming\npm\node_modules\yarn\bin\yarn.js install

PATH: 
  C:\Users\admin\bin;C:\Program Files\Git\mingw64\bin;C:\Program Files\Git\usr\local\bin;C:\Program Files\Git\usr\bin;C:\Program Files\Git\usr\bin;C:\Program Files\Git\mingw64\bin;C:\Program Files\Git\usr\bin;C:\Users\admin\bin;C:\Program Files (x86)\VMware\VMware Player\bin;C:\Program Files (x86)\Common Files\Oracle\Java\javapath;C:\WINDOWS\system32;C:\WINDOWS;C:\WINDOWS\System32\Wbem;C:\WINDOWS\System32\WindowsPowerShell\v1.0;C:\WINDOWS\System32\OpenSSH;C:\Program Files\Git\cmd;C:\Program Files\nodejs;C:\Program Files\TortoiseGit\bin;C:\Users\admin\AppData\Local\Microsoft\WindowsApps;C:\Users\admin\AppData\Local\Programs\Microsoft VS Code\bin;C:\Users\admin\AppData\Roaming\npm;D:\Workspace\flutter\flutter\bin;C:\Program Files\Git\usr\bin\vendor_perl;C:\Program Files\Git\usr\bin\core_perl

Yarn version: 
  1.22.18

Node version: 
  16.13.0

Platform: 
  win32 x64

Trace: 
  Error: https://registry.yarnpkg.com/@babel%2fruntime: socket hang up
      at connResetException (node:internal/errors:691:14)
      at TLSSocket.socketOnEnd (node:_http_client:471:23)
      at TLSSocket.emit (node:events:402:35)
      at endReadableNT (node:internal/streams/readable:1343:12)
      at processTicksAndRejections (node:internal/process/task_queues:83:21)

npm manifest: 
  {
    "name": "myApp",
    "version": "1.0.0",
    "private": true,
    "description": "demo",
    "templateInfo": {
      "name": "vue3-NutUI",
      "typescript": false,
      "css": "none"
    },
    "scripts": {
      "build:weapp": "taro build --type weapp",
      "build:swan": "taro build --type swan",
      "build:alipay": "taro build --type alipay",
      "build:tt": "taro build --type tt",
      "build:h5": "taro build --type h5",
      "build:rn": "taro build --type rn",
      "build:qq": "taro build --type qq",
      "build:quickapp": "taro build --type quickapp",
      "dev:weapp": "npm run build:weapp -- --watch",
      "dev:swan": "npm run build:swan -- --watch",
      "dev:alipay": "npm run build:alipay -- --watch",
      "dev:tt": "npm run build:tt -- --watch",
      "dev:h5": "npm run build:h5 -- --watch",
      "dev:rn": "npm run build:rn -- --watch",
      "dev:qq": "npm run build:qq -- --watch",
      "dev:quickapp": "npm run build:quickapp -- --watch"
    },
    "browserslist": [
      "last 3 versions",
      "Android >= 4.1",
      "ios >= 8"
    ],
    "author": "",
    "license": "MIT",
    "dependencies": {
      "@babel/runtime": "^7.7.7",
      "@tarojs/runtime": "3.4.6",
      "@tarojs/taro": "3.4.6",
      "@tarojs/components": "3.4.6",
      "@tarojs/plugin-html": "3.4.6",
      "@tarojs/plugin-framework-vue3": "3.4.6",
      "vue": "^3.0.0",
      "@nutui/nutui-taro": "^3.1.8"
    },
    "devDependencies": {
      "@types/webpack-env": "^1.13.6",
      "@tarojs/mini-runner": "3.4.6",
      "@tarojs/webpack-runner": "3.4.6",
      "@babel/core": "^7.8.0",
      "@tarojs/cli": "3.4.6",
      "babel-preset-taro": "3.4.6",
      "babel-plugin-import": "^1.13.3",
      "@vue/compiler-sfc": "^3.0.0",
      "vue-loader": "^16.0.0-beta.8",
      "eslint-plugin-vue": "^7.0.0",
      "eslint-config-taro": "3.4.6",
      "eslint": "^6.8.0",
      "stylelint": "9.3.0"
    }
  }

yarn manifest: 
  No manifest

Lockfile: 
  No lockfile
